<?xml version="1.0" encoding="UTF-8"?>
<robot generator="Robot 7.2.2 (Python 3.13.2 on win32)" generated="2025-03-09T00:42:03.072526" rpa="false" schemaversion="5">
<suite id="s1" name="Main" source="c:\Users\DELL\workspace\learnings\tests\main.robot">
<test id="s1-t1" name="Open Browser And Search In BigBasket" line="12">
<kw name="Open Browser And Search In BigBasket" owner="keywords">
<kw name="Open Browser" owner="SeleniumLibrary">
<msg time="2025-03-09T00:42:04.406721" level="INFO">Opening browser 'Chrome' to base url 'https://www.bigbasket.com'.</msg>
<arg>${url}</arg>
<arg>${browser}</arg>
<doc>Opens a new browser instance to the optional ``url``.</doc>
<status status="PASS" start="2025-03-09T00:42:04.399840" elapsed="8.651415"/>
</kw>
<kw name="Sleep" owner="BuiltIn">
<msg time="2025-03-09T00:42:18.060487" level="INFO">Slept 5 seconds.</msg>
<arg>5s</arg>
<doc>Pauses the test executed for the given time.</doc>
<status status="PASS" start="2025-03-09T00:42:13.052147" elapsed="5.009034"/>
</kw>
<kw name="Maximize Browser Window" owner="SeleniumLibrary">
<doc>Maximizes current browser window.</doc>
<status status="PASS" start="2025-03-09T00:42:18.066334" elapsed="0.511024"/>
</kw>
<kw name="Sleep" owner="BuiltIn">
<msg time="2025-03-09T00:42:23.579085" level="INFO">Slept 5 seconds.</msg>
<arg>5s</arg>
<doc>Pauses the test executed for the given time.</doc>
<status status="PASS" start="2025-03-09T00:42:18.577989" elapsed="5.001455"/>
</kw>
<kw name="Click Element" owner="SeleniumLibrary">
<msg time="2025-03-09T00:42:23.580925" level="INFO">Clicking element '//*[@id="headlessui-menu-button-:R5bab6:"]'.</msg>
<arg>//*[@id="headlessui-menu-button-:R5bab6:"]</arg>
<doc>Click the element identified by ``locator``.</doc>
<status status="PASS" start="2025-03-09T00:42:23.579954" elapsed="0.395951"/>
</kw>
<kw name="Click Element" owner="SeleniumLibrary">
<msg time="2025-03-09T00:42:23.977834" level="INFO">Clicking element '//*[@id="headlessui-menu-items-:R9bab6:"]/nav/ul[1]/li[1]/a'.</msg>
<arg>//*[@id="headlessui-menu-items-:R9bab6:"]/nav/ul[1]/li[1]/a</arg>
<doc>Click the element identified by ``locator``.</doc>
<status status="PASS" start="2025-03-09T00:42:23.976555" elapsed="0.454885"/>
</kw>
<kw name="Sleep" owner="BuiltIn">
<msg time="2025-03-09T00:42:26.434630" level="INFO">Slept 2 seconds.</msg>
<arg>2 seconds</arg>
<doc>Pauses the test executed for the given time.</doc>
<status status="PASS" start="2025-03-09T00:42:24.433391" elapsed="2.002171"/>
</kw>
<kw name="Capture Page Screenshot" owner="SeleniumLibrary">
<msg time="2025-03-09T00:42:27.136294" level="INFO" html="true">&lt;/td&gt;&lt;/tr&gt;&lt;tr&gt;&lt;td colspan="3"&gt;&lt;a href="Open%20Browser%20And%20Search%20In%20BigBasket.png"&gt;&lt;img src="Open%20Browser%20And%20Search%20In%20BigBasket.png" width="800px"&gt;&lt;/a&gt;</msg>
<arg>${TEST NAME}.png</arg>
<doc>Takes a screenshot of the current page and embeds it into a log file.</doc>
<status status="PASS" start="2025-03-09T00:42:26.436775" elapsed="0.700159"/>
</kw>
<kw name="Close Browser" owner="SeleniumLibrary">
<doc>Closes the current browser.</doc>
<status status="PASS" start="2025-03-09T00:42:27.137554" elapsed="5.141806"/>
</kw>
<arg>${url}</arg>
<arg>${browser}</arg>
<status status="PASS" start="2025-03-09T00:42:04.395996" elapsed="27.884962"/>
</kw>
<doc>Open Chrome browser and navigate to BigBasket, select electronics category, and list products</doc>
<status status="PASS" start="2025-03-09T00:42:04.380398" elapsed="27.909867"/>
</test>
<status status="PASS" start="2025-03-09T00:42:03.091133" elapsed="29.248908"/>
</suite>
<statistics>
<total>
<stat pass="1" fail="0" skip="0">All Tests</stat>
</total>
<tag>
</tag>
<suite>
<stat name="Main" id="s1" pass="1" fail="0" skip="0">Main</stat>
</suite>
</statistics>
<errors>
<msg time="2025-03-09T00:42:04.326547" level="ERROR">Error in file 'c:\Users\DELL\workspace\learnings\tests\main.robot' on line 4: Importing library 'c:\Users\DELL\workspace\learnings\resources\settings.py' failed: SyntaxError: invalid syntax (settings.py, line 1)
Traceback (most recent call last):
  None
PYTHONPATH:
  c:\Users\DELL\workspace\learnings\resources
  c:\Users\DELL\.vscode\extensions\robocorp.robotframework-lsp-1.13.0\src\robotframework_debug_adapter
  C:\Users\DELL\workspace\learnings
  c:\Users\DELL\.vscode\extensions\robocorp.robotframework-lsp-1.13.0\src
  c:\Users\DELL\.vscode\extensions\robocorp.robotframework-lsp-1.13.0\src\robotframework_ls\vendored
  C:\Users\DELL\AppData\Local\Programs\Python\Python313\python313.zip
  C:\Users\DELL\AppData\Local\Programs\Python\Python313\DLLs
  C:\Users\DELL\AppData\Local\Programs\Python\Python313\Lib
  C:\Users\DELL\AppData\Local\Programs\Python\Python313
  C:\Users\DELL\AppData\Local\Programs\Python\Python313\Lib\site-packages</msg>
</errors>
</robot>
