<?xml version="1.0" encoding="UTF-8"?>
<robot generator="Robot 7.2.2 (Python 3.13.2 on win32)" generated="2025-02-15T13:04:23.119616" rpa="false" schemaversion="5">
<suite id="s1" name="Tests" source="C:\Users\DELL\workspace\learnings\tests">
<suite id="s1-s1" name="Main" source="C:\Users\DELL\workspace\learnings\tests\main.robot">
<test id="s1-s1-t1" name="Open Browser And Search In BigBasket" line="12">
<kw name="Open Browser And Search In BigBasket" owner="keywords">
<kw name="Open Browser" owner="SeleniumLibrary">
<msg time="2025-02-15T13:04:23.718020" level="INFO">Opening browser 'Chrome' to base url 'https://www.bigbasket.com'.</msg>
<arg>${url}</arg>
<arg>${browser}</arg>
<doc>Opens a new browser instance to the optional ``url``.</doc>
<status status="PASS" start="2025-02-15T13:04:23.717506" elapsed="8.532857"/>
</kw>
<kw name="Sleep" owner="BuiltIn">
<msg time="2025-02-15T13:04:37.251628" level="INFO">Slept 5 seconds.</msg>
<arg>5s</arg>
<doc>Pauses the test executed for the given time.</doc>
<status status="PASS" start="2025-02-15T13:04:32.250751" elapsed="5.001102"/>
</kw>
<kw name="Maximize Browser Window" owner="SeleniumLibrary">
<doc>Maximizes current browser window.</doc>
<status status="PASS" start="2025-02-15T13:04:37.252199" elapsed="0.226347"/>
</kw>
<kw name="Sleep" owner="BuiltIn">
<msg time="2025-02-15T13:04:42.479780" level="INFO">Slept 5 seconds.</msg>
<arg>5s</arg>
<doc>Pauses the test executed for the given time.</doc>
<status status="PASS" start="2025-02-15T13:04:37.478924" elapsed="5.001236"/>
</kw>
<kw name="Click Element" owner="SeleniumLibrary">
<msg time="2025-02-15T13:04:42.481991" level="INFO">Clicking element '//*[@id="headlessui-menu-button-:R5bab6:"]'.</msg>
<arg>//*[@id="headlessui-menu-button-:R5bab6:"]</arg>
<doc>Click the element identified by ``locator``.</doc>
<status status="PASS" start="2025-02-15T13:04:42.480759" elapsed="0.493556"/>
</kw>
<kw name="Click Element" owner="SeleniumLibrary">
<msg time="2025-02-15T13:04:42.975120" level="INFO">Clicking element '//*[@id="headlessui-menu-items-:R9bab6:"]/nav/ul[1]/li[1]/a'.</msg>
<arg>//*[@id="headlessui-menu-items-:R9bab6:"]/nav/ul[1]/li[1]/a</arg>
<doc>Click the element identified by ``locator``.</doc>
<status status="PASS" start="2025-02-15T13:04:42.974690" elapsed="0.349806"/>
</kw>
<kw name="Sleep" owner="BuiltIn">
<msg time="2025-02-15T13:04:45.330060" level="INFO">Slept 2 seconds.</msg>
<arg>2 seconds</arg>
<doc>Pauses the test executed for the given time.</doc>
<status status="PASS" start="2025-02-15T13:04:43.324788" elapsed="2.005513"/>
</kw>
<kw name="Get WebElements" owner="SeleniumLibrary">
<msg time="2025-02-15T13:04:46.139269" level="INFO">${products} = [&lt;selenium.webdriver.remote.webelement.WebElement (session="31b8f97849201c98eb0b6074bd976afa", element="f.ACB5051DBF02A7360A9B1AAA3A110F65.d.69DC5A0E7D039A7169CB52AB9DEBDE25.e.293")&gt;]</msg>
<var>${products}</var>
<arg>//*[@id="headlessui-menu-items-:R9bab6:"]/nav/ul[2]</arg>
<doc>Returns a list of WebElement objects matching the ``locator``.</doc>
<status status="PASS" start="2025-02-15T13:04:45.330712" elapsed="0.808648"/>
</kw>
<kw name=":FOR">
<msg time="2025-02-15T13:04:46.139990" level="FAIL">Support for the old FOR loop syntax has been removed. Replace ':FOR' with 'FOR', end the loop with 'END', and remove escaping backslashes.</msg>
<arg>${product}</arg>
<arg>IN</arg>
<arg>@{products}</arg>
<status status="FAIL" start="2025-02-15T13:04:46.139851" elapsed="0.000294">Support for the old FOR loop syntax has been removed. Replace ':FOR' with 'FOR', end the loop with 'END', and remove escaping backslashes.</status>
</kw>
<kw name="\">
<arg>Log</arg>
<arg>${product.text}</arg>
<status status="NOT RUN" start="2025-02-15T13:04:46.140594" elapsed="0.000100"/>
</kw>
<kw name="Capture Page Screenshot" owner="SeleniumLibrary">
<arg>${TEST NAME}.png</arg>
<doc>Takes a screenshot of the current page and embeds it into a log file.</doc>
<status status="NOT RUN" start="2025-02-15T13:04:46.141032" elapsed="0.000089"/>
</kw>
<kw name="Close Browser" owner="SeleniumLibrary">
<doc>Closes the current browser.</doc>
<status status="NOT RUN" start="2025-02-15T13:04:46.141421" elapsed="0.000094"/>
</kw>
<arg>${url}</arg>
<arg>${browser}</arg>
<status status="FAIL" start="2025-02-15T13:04:23.715318" elapsed="22.426588">Support for the old FOR loop syntax has been removed. Replace ':FOR' with 'FOR', end the loop with 'END', and remove escaping backslashes.</status>
</kw>
<doc>Open Chrome browser and navigate to BigBasket, select electronics category, and list products</doc>
<status status="FAIL" start="2025-02-15T13:04:23.713019" elapsed="22.429868">Support for the old FOR loop syntax has been removed. Replace ':FOR' with 'FOR', end the loop with 'END', and remove escaping backslashes.</status>
</test>
<status status="FAIL" start="2025-02-15T13:04:23.193280" elapsed="22.952114"/>
</suite>
<status status="FAIL" start="2025-02-15T13:04:23.122957" elapsed="23.024955"/>
</suite>
<statistics>
<total>
<stat pass="0" fail="1" skip="0">All Tests</stat>
</total>
<tag>
</tag>
<suite>
<stat name="Tests" id="s1" pass="0" fail="1" skip="0">Tests</stat>
<stat name="Main" id="s1-s1" pass="0" fail="1" skip="0">Tests.Main</stat>
</suite>
</statistics>
<errors>
<msg time="2025-02-15T13:04:23.704523" level="ERROR">Error in file 'C:\Users\DELL\workspace\learnings\tests\main.robot' on line 4: Importing library 'C:\Users\DELL\workspace\learnings\resources\settings.py' failed: SyntaxError: invalid syntax (settings.py, line 1)
Traceback (most recent call last):
  None
PYTHONPATH:
  C:\Users\DELL\workspace\learnings\resources
  C:\Users\DELL\AppData\Local\Programs\Python\Python313\Scripts\robot.exe
  C:\Users\DELL\AppData\Local\Programs\Python\Python313\python313.zip
  C:\Users\DELL\AppData\Local\Programs\Python\Python313\DLLs
  C:\Users\DELL\AppData\Local\Programs\Python\Python313\Lib
  C:\Users\DELL\AppData\Local\Programs\Python\Python313
  C:\Users\DELL\AppData\Local\Programs\Python\Python313\Lib\site-packages</msg>
</errors>
</robot>
